app/build/intermediates/manifest_merge_blame_file/debug/manifest-merger-blame-debug-report.txt
1<?xml version="1.0" encoding="utf-8"?>
2<manifest xmlns:android="http://schemas.android.com/apk/res/android"
3    package="com.example.task"
4    android:versionCode="1"
5    android:versionName="1.0" >
6
7    <uses-sdk
8        android:minSdkVersion="24"
8-->src\main\AndroidManifest.xml
9        android:targetSdkVersion="29" />
9-->src\main\AndroidManifest.xml
10
11    <uses-permission android:name="android.permission.INTERNET" />
11-->src\main\AndroidManifest.xml:5:5-67
11-->src\main\AndroidManifest.xml:5:22-64
12    <uses-permission android:name="android.permission.ACCESS_NETWORK_STATE" />
12-->[com.google.android.gms:play-services-measurement:17.2.2] AndroidManifest.xml:24:5-79
12-->[com.google.android.gms:play-services-measurement:17.2.2] AndroidManifest.xml:24:22-76
13    <uses-permission android:name="android.permission.WAKE_LOCK" />
13-->[com.google.android.gms:play-services-measurement:17.2.2] AndroidManifest.xml:25:5-68
13-->[com.google.android.gms:play-services-measurement:17.2.2] AndroidManifest.xml:25:22-65
14    <uses-permission android:name="com.google.android.finsky.permission.BIND_GET_INSTALL_REFERRER_SERVICE" /> <!-- Required by older versions of Google Play services to create IID tokens -->
14-->[com.google.android.gms:play-services-measurement:17.2.2] AndroidManifest.xml:26:5-110
14-->[com.google.android.gms:play-services-measurement:17.2.2] AndroidManifest.xml:26:22-107
15    <uses-permission android:name="com.google.android.c2dm.permission.RECEIVE" />
15-->[com.google.firebase:firebase-iid:20.0.2] AndroidManifest.xml:26:5-82
15-->[com.google.firebase:firebase-iid:20.0.2] AndroidManifest.xml:26:22-79
16
17    <application
17-->src\main\AndroidManifest.xml:7:5-23:19
18        android:allowBackup="true"
18-->src\main\AndroidManifest.xml:8:9-35
19        android:appComponentFactory="androidx.core.app.CoreComponentFactory"
19-->[androidx.core:core:1.0.1] AndroidManifest.xml:22:18-86
20        android:debuggable="true"
21        android:icon="@mipmap/ic_launcher"
21-->src\main\AndroidManifest.xml:9:9-43
22        android:label="@string/app_name"
22-->src\main\AndroidManifest.xml:10:9-41
23        android:roundIcon="@mipmap/ic_launcher_round"
23-->src\main\AndroidManifest.xml:11:9-54
24        android:supportsRtl="true"
24-->src\main\AndroidManifest.xml:12:9-35
25        android:theme="@style/AppTheme" >
25-->src\main\AndroidManifest.xml:13:9-40
26        <activity android:name="com.example.task.HomeActivity" />
26-->src\main\AndroidManifest.xml:14:9-59
26-->src\main\AndroidManifest.xml:14:19-47
27        <activity android:name="com.example.task.RegistrationActivity" />
27-->src\main\AndroidManifest.xml:15:9-58
27-->src\main\AndroidManifest.xml:15:19-55
28        <activity android:name="com.example.task.MainActivity" >
28-->src\main\AndroidManifest.xml:16:9-22:20
28-->src\main\AndroidManifest.xml:16:19-47
29            <intent-filter>
29-->src\main\AndroidManifest.xml:17:13-21:29
30                <action android:name="android.intent.action.MAIN" />
30-->src\main\AndroidManifest.xml:18:17-69
30-->src\main\AndroidManifest.xml:18:25-66
31
32                <category android:name="android.intent.category.LAUNCHER" />
32-->src\main\AndroidManifest.xml:20:17-77
32-->src\main\AndroidManifest.xml:20:27-74
33            </intent-filter>
34        </activity>
35        <activity
35-->[com.google.android.gms:play-services-auth:17.0.0] AndroidManifest.xml:23:9-27:75
36            android:name="com.google.android.gms.auth.api.signin.internal.SignInHubActivity"
36-->[com.google.android.gms:play-services-auth:17.0.0] AndroidManifest.xml:24:13-93
37            android:excludeFromRecents="true"
37-->[com.google.android.gms:play-services-auth:17.0.0] AndroidManifest.xml:25:13-46
38            android:exported="false"
38-->[com.google.android.gms:play-services-auth:17.0.0] AndroidManifest.xml:26:13-37
39            android:theme="@android:style/Theme.Translucent.NoTitleBar" />
39-->[com.google.android.gms:play-services-auth:17.0.0] AndroidManifest.xml:27:13-72
40        <!--
41            Service handling Google Sign-In user revocation. For apps that do not integrate with
42            Google Sign-In, this service will never be started.
43        -->
44        <service
44-->[com.google.android.gms:play-services-auth:17.0.0] AndroidManifest.xml:33:9-36:110
45            android:name="com.google.android.gms.auth.api.signin.RevocationBoundService"
45-->[com.google.android.gms:play-services-auth:17.0.0] AndroidManifest.xml:34:13-89
46            android:exported="true"
46-->[com.google.android.gms:play-services-auth:17.0.0] AndroidManifest.xml:35:13-36
47            android:permission="com.google.android.gms.auth.api.signin.permission.REVOCATION_NOTIFICATION" />
47-->[com.google.android.gms:play-services-auth:17.0.0] AndroidManifest.xml:36:13-107
48
49        <activity
49-->[com.google.firebase:firebase-auth:19.3.1] AndroidManifest.xml:24:9-31:50
50            android:name="com.google.firebase.auth.internal.FederatedSignInActivity"
50-->[com.google.firebase:firebase-auth:19.3.1] AndroidManifest.xml:25:13-85
51            android:excludeFromRecents="true"
51-->[com.google.firebase:firebase-auth:19.3.1] AndroidManifest.xml:26:13-46
52            android:exported="true"
52-->[com.google.firebase:firebase-auth:19.3.1] AndroidManifest.xml:27:13-36
53            android:launchMode="singleTask"
53-->[com.google.firebase:firebase-auth:19.3.1] AndroidManifest.xml:28:13-44
54            android:permission="com.google.firebase.auth.api.gms.permission.LAUNCH_FEDERATED_SIGN_IN"
54-->[com.google.firebase:firebase-auth:19.3.1] AndroidManifest.xml:29:13-102
55            android:theme="@android:style/Theme.Translucent.NoTitleBar" />
55-->[com.google.firebase:firebase-auth:19.3.1] AndroidManifest.xml:30:13-72
56
57        <service
57-->[com.google.firebase:firebase-auth:19.3.1] AndroidManifest.xml:33:9-39:19
58            android:name="com.google.firebase.components.ComponentDiscoveryService"
58-->[com.google.firebase:firebase-auth:19.3.1] AndroidManifest.xml:34:13-84
59            android:directBootAware="true"
59-->[com.google.firebase:firebase-common:19.3.0] AndroidManifest.xml:34:13-43
60            android:exported="false" >
60-->[com.google.firebase:firebase-auth:19.3.1] AndroidManifest.xml:35:13-37
61            <meta-data
61-->[com.google.firebase:firebase-auth:19.3.1] AndroidManifest.xml:36:13-38:85
62                android:name="com.google.firebase.components:com.google.firebase.auth.FirebaseAuthRegistrar"
62-->[com.google.firebase:firebase-auth:19.3.1] AndroidManifest.xml:37:17-109
63                android:value="com.google.firebase.components.ComponentRegistrar" />
63-->[com.google.firebase:firebase-auth:19.3.1] AndroidManifest.xml:38:17-82
64            <meta-data
64-->[com.google.android.gms:play-services-measurement-api:17.2.2] AndroidManifest.xml:30:13-32:85
65                android:name="com.google.firebase.components:com.google.firebase.analytics.connector.internal.AnalyticsConnectorRegistrar"
65-->[com.google.android.gms:play-services-measurement-api:17.2.2] AndroidManifest.xml:31:17-139
66                android:value="com.google.firebase.components.ComponentRegistrar" />
66-->[com.google.android.gms:play-services-measurement-api:17.2.2] AndroidManifest.xml:32:17-82
67            <meta-data
67-->[com.google.firebase:firebase-iid:20.0.2] AndroidManifest.xml:32:13-34:85
68                android:name="com.google.firebase.components:com.google.firebase.iid.Registrar"
68-->[com.google.firebase:firebase-iid:20.0.2] AndroidManifest.xml:33:17-96
69                android:value="com.google.firebase.components.ComponentRegistrar" />
69-->[com.google.firebase:firebase-iid:20.0.2] AndroidManifest.xml:34:17-82
70        </service>
71
72        <receiver
72-->[com.google.android.gms:play-services-measurement:17.2.2] AndroidManifest.xml:29:9-33:20
73            android:name="com.google.android.gms.measurement.AppMeasurementReceiver"
73-->[com.google.android.gms:play-services-measurement:17.2.2] AndroidManifest.xml:30:13-85
74            android:enabled="true"
74-->[com.google.android.gms:play-services-measurement:17.2.2] AndroidManifest.xml:31:13-35
75            android:exported="false" >
75-->[com.google.android.gms:play-services-measurement:17.2.2] AndroidManifest.xml:32:13-37
76        </receiver>
77        <receiver
77-->[com.google.android.gms:play-services-measurement:17.2.2] AndroidManifest.xml:34:9-42:20
78            android:name="com.google.android.gms.measurement.AppMeasurementInstallReferrerReceiver"
78-->[com.google.android.gms:play-services-measurement:17.2.2] AndroidManifest.xml:35:13-100
79            android:enabled="true"
79-->[com.google.android.gms:play-services-measurement:17.2.2] AndroidManifest.xml:36:13-35
80            android:exported="true"
80-->[com.google.android.gms:play-services-measurement:17.2.2] AndroidManifest.xml:37:13-36
81            android:permission="android.permission.INSTALL_PACKAGES" >
81-->[com.google.android.gms:play-services-measurement:17.2.2] AndroidManifest.xml:38:13-69
82            <intent-filter>
82-->[com.google.android.gms:play-services-measurement:17.2.2] AndroidManifest.xml:39:13-41:29
83                <action android:name="com.android.vending.INSTALL_REFERRER" />
83-->[com.google.android.gms:play-services-measurement:17.2.2] AndroidManifest.xml:40:17-79
83-->[com.google.android.gms:play-services-measurement:17.2.2] AndroidManifest.xml:40:25-76
84            </intent-filter>
85        </receiver>
86
87        <service
87-->[com.google.android.gms:play-services-measurement:17.2.2] AndroidManifest.xml:44:9-47:40
88            android:name="com.google.android.gms.measurement.AppMeasurementService"
88-->[com.google.android.gms:play-services-measurement:17.2.2] AndroidManifest.xml:45:13-84
89            android:enabled="true"
89-->[com.google.android.gms:play-services-measurement:17.2.2] AndroidManifest.xml:46:13-35
90            android:exported="false" />
90-->[com.google.android.gms:play-services-measurement:17.2.2] AndroidManifest.xml:47:13-37
91        <service
91-->[com.google.android.gms:play-services-measurement:17.2.2] AndroidManifest.xml:48:9-52:72
92            android:name="com.google.android.gms.measurement.AppMeasurementJobService"
92-->[com.google.android.gms:play-services-measurement:17.2.2] AndroidManifest.xml:49:13-87
93            android:enabled="true"
93-->[com.google.android.gms:play-services-measurement:17.2.2] AndroidManifest.xml:50:13-35
94            android:exported="false"
94-->[com.google.android.gms:play-services-measurement:17.2.2] AndroidManifest.xml:51:13-37
95            android:permission="android.permission.BIND_JOB_SERVICE" />
95-->[com.google.android.gms:play-services-measurement:17.2.2] AndroidManifest.xml:52:13-69
96
97        <receiver
97-->[com.google.firebase:firebase-iid:20.0.2] AndroidManifest.xml:37:9-44:20
98            android:name="com.google.firebase.iid.FirebaseInstanceIdReceiver"
98-->[com.google.firebase:firebase-iid:20.0.2] AndroidManifest.xml:38:13-78
99            android:exported="true"
99-->[com.google.firebase:firebase-iid:20.0.2] AndroidManifest.xml:39:13-36
100            android:permission="com.google.android.c2dm.permission.SEND" >
100-->[com.google.firebase:firebase-iid:20.0.2] AndroidManifest.xml:40:13-73
101            <intent-filter>
101-->[com.google.firebase:firebase-iid:20.0.2] AndroidManifest.xml:41:13-43:29
102                <action android:name="com.google.android.c2dm.intent.RECEIVE" />
102-->[com.google.firebase:firebase-iid:20.0.2] AndroidManifest.xml:42:17-81
102-->[com.google.firebase:firebase-iid:20.0.2] AndroidManifest.xml:42:25-78
103            </intent-filter>
104        </receiver>
105
106        <activity
106-->[com.google.android.gms:play-services-base:17.1.0] AndroidManifest.xml:23:9-26:75
107            android:name="com.google.android.gms.common.api.GoogleApiActivity"
107-->[com.google.android.gms:play-services-base:17.1.0] AndroidManifest.xml:24:13-79
108            android:exported="false"
108-->[com.google.android.gms:play-services-base:17.1.0] AndroidManifest.xml:25:13-37
109            android:theme="@android:style/Theme.Translucent.NoTitleBar" />
109-->[com.google.android.gms:play-services-base:17.1.0] AndroidManifest.xml:26:13-72
110
111        <provider
111-->[com.google.firebase:firebase-common:19.3.0] AndroidManifest.xml:26:9-30:39
112            android:name="com.google.firebase.provider.FirebaseInitProvider"
112-->[com.google.firebase:firebase-common:19.3.0] AndroidManifest.xml:27:13-77
113            android:authorities="com.example.task.firebaseinitprovider"
113-->[com.google.firebase:firebase-common:19.3.0] AndroidManifest.xml:28:13-72
114            android:exported="false"
114-->[com.google.firebase:firebase-common:19.3.0] AndroidManifest.xml:29:13-37
115            android:initOrder="100" />
115-->[com.google.firebase:firebase-common:19.3.0] AndroidManifest.xml:30:13-36
116
117        <meta-data
117-->[com.google.android.gms:play-services-basement:17.0.0] AndroidManifest.xml:23:9-25:69
118            android:name="com.google.android.gms.version"
118-->[com.google.android.gms:play-services-basement:17.0.0] AndroidManifest.xml:24:13-58
119            android:value="@integer/google_play_services_version" />
119-->[com.google.android.gms:play-services-basement:17.0.0] AndroidManifest.xml:25:13-66
120    </application>
121
122</manifest>